Script started on Sat Jan 10 19:01:33 2026
Command: npx expo start -c
[1G[0K⠙[1G[0K[90menv: load .env[39m
[90menv: export EXPO_PUBLIC_ANILIST_API_URL[39m
[90mStarting project at /Users/apple/david/anilist-clone[39m
  [38;5;113;1mnativewind [0minput: /Users/apple/david/anilist-clone/global.css [38;5;113m+0ms[0m
  [38;5;113;1mnativewind [0mimportant: undefined [38;5;113m+72ms[0m
  [38;5;113;1mnativewind [0mchecking TypeScript setup [38;5;113m+1ms[0m
  [38;5;113;1mnativewind [0mwithCssInterop [38;5;113m+0ms[0m
  [38;5;113;1mnativewind [0moutputDirectory /Users/apple/david/anilist-clone/node_modules/nativewind/node_modules/react-native-css-interop/.cache [38;5;113m+0ms[0m
  [38;5;113;1mnativewind [0misRadonIDE: false [38;5;113m+0ms[0m
[2mStarting Metro Bundler[22m
  [38;5;113;1mnativewind [0menhanceMiddleware.setup [38;5;113m+586ms[0m
[33mwarning[39m: Bundler cache is empty, rebuilding [2m(this may take a minute)[22m
▄▄▄▄▄▄▄▄▄▄▄▄▄▄▄▄▄▄▄▄▄▄▄▄▄▄▄▄▄▄▄▄▄▄▄▄▄▄▄
█ ▄▄▄▄▄ █▀█ █▄   ▀▄▀▄█  ▄▀▄▀▀▄█ ▄▄▄▄▄ █
█ █   █ █▀▀▀█ ▄▀ █▀ ▄ ▄▀▀ ▀  ▀█ █   █ █
█ █▄▄▄█ █▀ █▀▀██▄▄ ▄▄▀  ▄██▀▀ █ █▄▄▄█ █
█▄▄▄▄▄▄▄█▄▀ ▀▄█ █ █ █▄▀▄█▄█ █ █▄▄▄▄▄▄▄█
█  ▄ ▄▀▄ ▄ ▀▄▀▀▀▀▄ ▄▀▄▀  ▀ ▄█▀▄█▄█ ▀ ██
█▀▄▄▀▀▄▄█▀ ▄█▀ ▄ ▄█ ▀▀ ██▄▄▄ ▀ ██ ▀█  █
██▀▀█▀█▄ █ ▀█▄█▄ ▀ ▄ █▀█ ▄▄ █▀█▄▄▄▄ ▄██
██ ▀▀▄▄▄▄█   ▄█▀█▀█ ▀█  ▀ █▄   █▀███ ▄█
█▄██▀▀▄▄▄▀▄█▄▀▀▀▀█  ▀▄▀▀▀█ █▄▀▄▄ ▄ ▄███
█ ▀ █▄█▄▀  ▀█▀ ▄ ▄▄▀█▄▀▀███ ▄▀  ▄▄███ █
█ ▀▄▀  ▄█▄▀ █▄█▄▄▄▄▄ ▄ ▄▀█▄▄▄  ▄ ▄▄ ▀▄█
██ ▄█ ▀▄▄▀█  ▄█▀ ██▄█▄ ▀▀█▄▀  █▀▄▀▄▄▄ █
█ ██  ▄▄▀▀▄▄▄▀▀▀█▄▄▄▀▄▀█ ▀ ▄▄▀ ▄▀▄  ▀██
█ █▀ ▀▄▄  █ █▀ ▄ ██▄▀▀  ▀██▄ ▀█ ▀▀██  █
█▄██▄██▄▄▀ ▄█▄█▄▄▄▄ █▀▀▀   ▄  ▄▄▄ ▄ ▄▄█
█ ▄▄▄▄▄ █▄▀▀ ▄█▀ ███▀█▀██▄█▀█ █▄█ ██▄▄█
█ █   █ █ █ ▄▀▀▀█▄▄▄▀▄ ▄▀█▄▄▄▄  ▄ ▄▄▀ █
█ █▄▄▄█ █ █ █▀ ▄ ▄▄▄█ ▀▄▀▄█ ▀ ▀█ █▀█▄ █
█▄▄▄▄▄▄▄█▄█▄█▄█▄▄███████▄▄▄▄▄█▄█▄▄▄▄▄▄█

› Metro waiting on [4mexp+my-anime-list://expo-development-client/?url=http%3A%2F%2F192.168.88.11%3A8081[24m
› Scan the QR code above to open the project in a development build. [2m]8;;https://expo.fyi/startLearn more]8;;[22m

› Web is waiting on [4mhttp://localhost:8081[24m

› Using [36mdevelopment build[39m
› Press [1ms[22m [2m│[22m switch to Expo Go

› Press [1ma[22m [2m│[22m open Android
› Press [1mi[22m [2m│[22m open iOS simulator
› Press [1mw[22m [2m│[22m open web

› Press [1mj[22m [2m│[22m open debugger
› Press [1mr[22m [2m│[22m reload app
› Press [1mm[22m [2m│[22m toggle menu
› [1mshift+m[22m [2m│[22m more tools
› Press [1mo[22m [2m│[22m open project code in your editor

› Press [1m?[22m [2m│[22m show all commands

Logs for your project will appear below.[2m Press Ctrl+C to exit.[22m
› Opening on iOS...
› Opening [4mexp+my-anime-list://expo-development-client/?url=http%3A%2F%2F192.168.88.11%3A8081[24m on [1miPhone 16e[22m
› Press [1m?[22m [2m│[22m show all commands
[1miOS[22m [0m[2mnode_modules/expo-router/[22m[0m[1mentry.js[22m [47m[37m░░░░░░░░░░░░░░░░[39m[49m[1m  0.0% [22m[2m(0/1)[22m
  [38;5;113;1mnativewind [0mgetTransformOptions.dev true [38;5;113m+5s[0m
  [38;5;113;1mnativewind [0mgetTransformOptions.platform ios [38;5;113m+0ms[0m
  [38;5;113;1mnativewind [0mgetTransformOptions.virtualModulesPossible true [38;5;113m+0ms[0m
  [38;5;113;1mnativewind [0mvirtualModules /Users/apple/david/anilist-clone/node_modules/nativewind/node_modules/react-native-css-interop/.cache/ios.js [38;5;113m+0ms[0m
  [38;5;113;1mnativewind [0mvirtualModules.isDev true [38;5;113m+0ms[0m
  [38;5;113;1mnativewind [0mvirtualModules.size 0 [38;5;113m+0ms[0m
  [38;5;113;1mnativewind [0mvirtualModules.fastRefresh enabled [38;5;113m+0ms[0m
  [38;5;113;1mnativewind [0mgetCSSForPlatform: ios [38;5;113m+6s[0m
  [38;5;113;1mnativewind [0mStart development Tailwind CLI [38;5;113m+0ms[0m
  [38;5;113;1mnativewind [0mgetTransformOptions.writeToFileSystem false [38;5;113m+3ms[0m
[135D[1A[0J[1miOS[22m [0m[2mnode_modules/expo-router/[22m[0m[1mentry.js[22m [47m[37m░░░░░░░░░░░░░░░░[39m[49m[1m  1.0% [22m[2m(1/1)[22m
  [38;5;113;1mnativewind [0mFinished initial development Tailwind CLI [38;5;113m+583ms[0m
  [38;5;113;1mnativewind [0mvirtualStyles.initial ios [38;5;113m+580ms[0m
  [38;5;113;1mnativewind [0mStart stringify [38;5;113m+12ms[0m
  [38;5;113;1mnativewind [0mOutput size: 4995 bytes [38;5;113m+1ms[0m
[135D[1A[0J[1miOS[22m [0m[2mnode_modules/expo-router/[22m[0m[1mentry.js[22m [32m[42m▓[49m[39m[47m[37m░░░░░░░░░░░░░░░[39m[49m[1m  9.0% [22m[2m( 3/10)[22m
[135D[1A[0J[1miOS[22m [0m[2mnode_modules/expo-router/[22m[0m[1mentry.js[22m [32m[42m▓[49m[39m[47m[37m░░░░░░░░░░░░░░░[39m[49m[1m 11.1% [22m[2m( 6/18)[22m
[135D[1A[0J[1miOS[22m [0m[2mnode_modules/expo-router/[22m[0m[1mentry.js[22m [32m[42m▓▓[49m[39m[47m[37m░░░░░░░░░░░░░░[39m[49m[1m 15.1% [22m[2m( 7/18)[22m
[135D[1A[0J[1miOS[22m [0m[2mnode_modules/expo-router/[22m[0m[1mentry.js[22m [32m[42m▓▓[49m[39m[47m[37m░░░░░░░░░░░░░░[39m[49m[1m 15.1% [22m[2m( 8/24)[22m
[135D[1A[0J[1miOS[22m [0m[2mnode_modules/expo-router/[22m[0m[1mentry.js[22m [32m[42m▓▓[49m[39m[47m[37m░░░░░░░░░░░░░░[39m[49m[1m 15.1% [22m[2m(10/28)[22m
[135D[1A[0J[1miOS[22m [0m[2mnode_modules/expo-router/[22m[0m[1mentry.js[22m [32m[42m▓▓[49m[39m[47m[37m░░░░░░░░░░░░░░[39m[49m[1m 15.1% [22m[2m(14/53)[22m
[135D[1A[0J[1miOS[22m [0m[2mnode_modules/expo-router/[22m[0m[1mentry.js[22m [32m[42m▓▓[49m[39m[47m[37m░░░░░░░░░░░░░░[39m[49m[1m 15.1% [22m[2m(18/60)[22m
[135D[1A[0J[1miOS[22m [0m[2mnode_modules/expo-router/[22m[0m[1mentry.js[22m [32m[42m▓▓[49m[39m[47m[37m░░░░░░░░░░░░░░[39m[49m[1m 15.1% [22m[2m(20/84)[22m
[135D[1A[0J[1miOS[22m [0m[2mnode_modules/expo-router/[22m[0m[1mentry.js[22m [32m[42m▓▓[49m[39m[47m[37m░░░░░░░░░░░░░░[39m[49m[1m 15.1% [22m[2m( 21/166)[22m
[135D[1A[0J[1miOS[22m [0m[2mnode_modules/expo-router/[22m[0m[1mentry.js[22m [32m[42m▓▓[49m[39m[47m[37m░░░░░░░░░░░░░░[39m[49m[1m 15.1% [22m[2m( 29/174)[22m
[135D[1A[0J[1miOS[22m [0m[2mnode_modules/expo-router/[22m[0m[1mentry.js[22m [32m[42m▓▓[49m[39m[47m[37m░░░░░░░░░░░░░░[39m[49m[1m 15.1% [22m[2m( 38/204)[22m
[135D[1A[0J[1miOS[22m [0m[2mnode_modules/expo-router/[22m[0m[1mentry.js[22m [32m[42m▓▓[49m[39m[47m[37m░░░░░░░░░░░░░░[39m[49m[1m 15.1% [22m[2m( 46/213)[22m
[135D[1A[0J[1miOS[22m [0m[2mnode_modules/expo-router/[22m[0m[1mentry.js[22m [32m[42m▓▓[49m[39m[47m[37m░░░░░░░░░░░░░░[39m[49m[1m 15.1% [22m[2m( 51/220)[22m
[135D[1A[0J[1miOS[22m [0m[2mnode_modules/expo-router/[22m[0m[1mentry.js[22m [32m[42m▓▓[49m[39m[47m[37m░░░░░░░░░░░░░░[39m[49m[1m 15.1% [22m[2m( 55/233)[22m
[135D[1A[0J[1miOS[22m [0m[2mnode_modules/expo-router/[22m[0m[1mentry.js[22m [32m[42m▓▓[49m[39m[47m[37m░░░░░░░░░░░░░░[39m[49m[1m 15.1% [22m[2m( 64/244)[22m
[135D[1A[0J[1miOS[22m [0m[2mnode_modules/expo-router/[22m[0m[1mentry.js[22m [32m[42m▓▓[49m[39m[47m[37m░░░░░░░░░░░░░░[39m[49m[1m 15.1% [22m[2m( 75/251)[22m
[135D[1A[0J[1miOS[22m [0m[2mnode_modules/expo-router/[22m[0m[1mentry.js[22m [32m[42m▓▓[49m[39m[47m[37m░░░░░░░░░░░░░░[39m[49m[1m 15.1% [22m[2m( 85/260)[22m
[135D[1A[0J[1miOS[22m [0m[2mnode_modules/expo-router/[22m[0m[1mentry.js[22m [32m[42m▓▓[49m[39m[47m[37m░░░░░░░░░░░░░░[39m[49m[1m 15.1% [22m[2m( 89/261)[22m
[135D[1A[0J[1miOS[22m [0m[2mnode_modules/expo-router/[22m[0m[1mentry.js[22m [32m[42m▓▓[49m[39m[47m[37m░░░░░░░░░░░░░░[39m[49m[1m 15.1% [22m[2m( 94/265)[22m
[135D[1A[0J[1miOS[22m [0m[2mnode_modules/expo-router/[22m[0m[1mentry.js[22m [32m[42m▓▓[49m[39m[47m[37m░░░░░░░░░░░░░░[39m[49m[1m 15.1% [22m[2m( 96/276)[22m
[135D[1A[0J[1miOS[22m [0m[2mnode_modules/expo-router/[22m[0m[1mentry.js[22m [32m[42m▓▓[49m[39m[47m[37m░░░░░░░░░░░░░░[39m[49m[1m 15.1% [22m[2m(101/285)[22m
[135D[1A[0J[1miOS[22m [0m[2mnode_modules/expo-router/[22m[0m[1mentry.js[22m [32m[42m▓▓[49m[39m[47m[37m░░░░░░░░░░░░░░[39m[49m[1m 15.1% [22m[2m(103/287)[22m
[135D[1A[0J[1miOS[22m [0m[2mnode_modules/expo-router/[22m[0m[1mentry.js[22m [32m[42m▓▓[49m[39m[47m[37m░░░░░░░░░░░░░░[39m[49m[1m 15.1% [22m[2m(104/287)[22m
[135D[1A[0J[1miOS[22m [0m[2mnode_modules/expo-router/[22m[0m[1mentry.js[22m [32m[42m▓▓[49m[39m[47m[37m░░░░░░░░░░░░░░[39m[49m[1m 15.1% [22m[2m(106/293)[22m
[135D[1A[0J[1miOS[22m [0m[2mnode_modules/expo-router/[22m[0m[1mentry.js[22m [32m[42m▓▓[49m[39m[47m[37m░░░░░░░░░░░░░░[39m[49m[1m 15.1% [22m[2m(111/295)[22m
[135D[1A[0J[1miOS[22m [0m[2mnode_modules/expo-router/[22m[0m[1mentry.js[22m [32m[42m▓▓[49m[39m[47m[37m░░░░░░░░░░░░░░[39m[49m[1m 15.1% [22m[2m(114/301)[22m
[135D[1A[0J[1miOS[22m [0m[2mnode_modules/expo-router/[22m[0m[1mentry.js[22m [32m[42m▓▓[49m[39m[47m[37m░░░░░░░░░░░░░░[39m[49m[1m 15.1% [22m[2m(124/320)[22m
[135D[1A[0J[1miOS[22m [0m[2mnode_modules/expo-router/[22m[0m[1mentry.js[22m [32m[42m▓▓[49m[39m[47m[37m░░░░░░░░░░░░░░[39m[49m[1m 17.1% [22m[2m(136/329)[22m
[135D[1A[0J[1miOS[22m [0m[2mnode_modules/expo-router/[22m[0m[1mentry.js[22m [32m[42m▓▓[49m[39m[47m[37m░░░░░░░░░░░░░░[39m[49m[1m 17.9% [22m[2m(144/340)[22m
[135D[1A[0J[1miOS[22m [0m[2mnode_modules/expo-router/[22m[0m[1mentry.js[22m [32m[42m▓▓▓[49m[39m[47m[37m░░░░░░░░░░░░░[39m[49m[1m 20.5% [22m[2m(157/347)[22m
[135D[1A[0J[1miOS[22m [0m[2mnode_modules/expo-router/[22m[0m[1mentry.js[22m [32m[42m▓▓▓[49m[39m[47m[37m░░░░░░░░░░░░░[39m[49m[1m 23.1% [22m[2m(172/358)[22m
[135D[1A[0J[1miOS[22m [0m[2mnode_modules/expo-router/[22m[0m[1mentry.js[22m [32m[42m▓▓▓[49m[39m[47m[37m░░░░░░░░░░░░░[39m[49m[1m 24.2% [22m[2m(177/360)[22m
[135D[1A[0J[1miOS[22m [0m[2mnode_modules/expo-router/[22m[0m[1mentry.js[22m [32m[42m▓▓▓[49m[39m[47m[37m░░░░░░░░░░░░░[39m[49m[1m 24.6% [22m[2m(180/363)[22m
[135D[1A[0J[1miOS[22m [0m[2mnode_modules/expo-router/[22m[0m[1mentry.js[22m [32m[42m▓▓▓▓[49m[39m[47m[37m░░░░░░░░░░░░[39m[49m[1m 25.1% [22m[2m(185/369)[22m
[135D[1A[0J[1miOS[22m [0m[2mnode_modules/expo-router/[22m[0m[1mentry.js[22m [32m[42m▓▓▓▓[49m[39m[47m[37m░░░░░░░░░░░░[39m[49m[1m 25.3% [22m[2m(191/380)[22m
[135D[1A[0J[1miOS[22m [0m[2mnode_modules/expo-router/[22m[0m[1mentry.js[22m [32m[42m▓▓▓▓[49m[39m[47m[37m░░░░░░░░░░░░[39m[49m[1m 27.0% [22m[2m(199/383)[22m
[135D[1A[0J[1miOS[22m [0m[2mnode_modules/expo-router/[22m[0m[1mentry.js[22m [32m[42m▓▓▓▓[49m[39m[47m[37m░░░░░░░░░░░░[39m[49m[1m 28.1% [22m[2m(203/383)[22m
[135D[1A[0J[1miOS[22m [0m[2mnode_modules/expo-router/[22m[0m[1mentry.js[22m [32m[42m▓▓▓▓[49m[39m[47m[37m░░░░░░░░░░░░[39m[49m[1m 28.1% [22m[2m(207/391)[22m
[135D[1A[0J[1miOS[22m [0m[2mnode_modules/expo-router/[22m[0m[1mentry.js[22m [32m[42m▓▓▓▓[49m[39m[47m[37m░░░░░░░░░░░░[39m[49m[1m 28.3% [22m[2m(208/391)[22m
[135D[1A[0J[1miOS[22m [0m[2mnode_modules/expo-router/[22m[0m[1mentry.js[22m [32m[42m▓▓▓▓[49m[39m[47m[37m░░░░░░░░░░░░[39m[49m[1m 28.3% [22m[2m(212/412)[22m
[135D[1A[0J[1miOS[22m [0m[2mnode_modules/expo-router/[22m[0m[1mentry.js[22m [32m[42m▓▓▓▓[49m[39m[47m[37m░░░░░░░░░░░░[39m[49m[1m 28.3% [22m[2m(217/428)[22m
[135D[1A[0J[1miOS[22m [0m[2mnode_modules/expo-router/[22m[0m[1mentry.js[22m [32m[42m▓▓▓▓[49m[39m[47m[37m░░░░░░░░░░░░[39m[49m[1m 28.3% [22m[2m(221/430)[22m
[135D[1A[0J[1miOS[22m [0m[2mnode_modules/expo-router/[22m[0m[1mentry.js[22m [32m[42m▓▓▓▓[49m[39m[47m[37m░░░░░░░░░░░░[39m[49m[1m 28.3% [22m[2m(225/438)[22m
[135D[1A[0J[1miOS[22m [0m[2mnode_modules/expo-router/[22m[0m[1mentry.js[22m [32m[42m▓▓▓▓[49m[39m[47m[37m░░░░░░░░░░░░[39m[49m[1m 28.3% [22m[2m(231/449)[22m
[135D[1A[0J[1miOS[22m [0m[2mnode_modules/expo-router/[22m[0m[1mentry.js[22m [32m[42m▓▓▓▓[49m[39m[47m[37m░░░░░░░░░░░░[39m[49m[1m 28.3% [22m[2m(237/457)[22m
[135D[1A[0J[1miOS[22m [0m[2mnode_modules/expo-router/[22m[0m[1mentry.js[22m [32m[42m▓▓▓▓[49m[39m[47m[37m░░░░░░░░░░░░[39m[49m[1m 28.3% [22m[2m(247/469)[22m
[135D[1A[0J[1miOS[22m [0m[2mnode_modules/expo-router/[22m[0m[1mentry.js[22m [32m[42m▓▓▓▓[49m[39m[47m[37m░░░░░░░░░░░░[39m[49m[1m 28.3% [22m[2m(250/470)[22m
[135D[1A[0J[1miOS[22m [0m[2mnode_modules/expo-router/[22m[0m[1mentry.js[22m [32m[42m▓▓▓▓[49m[39m[47m[37m░░░░░░░░░░░░[39m[49m[1m 29.5% [22m[2m(258/475)[22m
[135D[1A[0J[1miOS[22m [0m[2mnode_modules/expo-router/[22m[0m[1mentry.js[22m [32m[42m▓▓▓▓[49m[39m[47m[37m░░░░░░░░░░░░[39m[49m[1m 31.1% [22m[2m(269/482)[22m
[135D[1A[0J[1miOS[22m [0m[2mnode_modules/expo-router/[22m[0m[1mentry.js[22m [32m[42m▓▓▓▓▓[49m[39m[47m[37m░░░░░░░░░░░[39m[49m[1m 32.0% [22m[2m(283/500)[22m
[135D[1A[0J[1miOS[22m [0m[2mnode_modules/expo-router/[22m[0m[1mentry.js[22m [32m[42m▓▓▓▓▓[49m[39m[47m[37m░░░░░░░░░░░[39m[49m[1m 33.8% [22m[2m(294/506)[22m
[135D[1A[0J[1miOS[22m [0m[2mnode_modules/expo-router/[22m[0m[1mentry.js[22m [32m[42m▓▓▓▓▓[49m[39m[47m[37m░░░░░░░░░░░[39m[49m[1m 35.3% [22m[2m(310/522)[22m
[135D[1A[0J[1miOS[22m [0m[2mnode_modules/expo-router/[22m[0m[1mentry.js[22m [32m[42m▓▓▓▓▓[49m[39m[47m[37m░░░░░░░░░░░[39m[49m[1m 35.3% [22m[2m(324/550)[22m
[135D[1A[0J[1miOS[22m [0m[2mnode_modules/expo-router/[22m[0m[1mentry.js[22m [32m[42m▓▓▓▓▓[49m[39m[47m[37m░░░░░░░░░░░[39m[49m[1m 36.5% [22m[2m(337/558)[22m
[135D[1A[0J[1miOS[22m [0m[2mnode_modules/expo-router/[22m[0m[1mentry.js[22m [32m[42m▓▓▓▓▓▓[49m[39m[47m[37m░░░░░░░░░░[39m[49m[1m 38.7% [22m[2m(355/571)[22m
[135D[1A[0J[1miOS[22m [0m[2mnode_modules/expo-router/[22m[0m[1mentry.js[22m [32m[42m▓▓▓▓▓▓[49m[39m[47m[37m░░░░░░░░░░[39m[49m[1m 41.7% [22m[2m(372/576)[22m
[135D[1A[0J[1miOS[22m [0m[2mnode_modules/expo-router/[22m[0m[1mentry.js[22m [32m[42m▓▓▓▓▓▓[49m[39m[47m[37m░░░░░░░░░░[39m[49m[1m 41.7% [22m[2m(384/595)[22m
[135D[1A[0J[1miOS[22m [0m[2mnode_modules/expo-router/[22m[0m[1mentry.js[22m [32m[42m▓▓▓▓▓▓[49m[39m[47m[37m░░░░░░░░░░[39m[49m[1m 41.7% [22m[2m(399/624)[22m
[135D[1A[0J[1miOS[22m [0m[2mnode_modules/expo-router/[22m[0m[1mentry.js[22m [32m[42m▓▓▓▓▓▓[49m[39m[47m[37m░░░░░░░░░░[39m[49m[1m 41.7% [22m[2m(402/624)[22m
[135D[1A[0J[1miOS[22m [0m[2mnode_modules/expo-router/[22m[0m[1mentry.js[22m [32m[42m▓▓▓▓▓▓[49m[39m[47m[37m░░░░░░░░░░[39m[49m[1m 41.7% [22m[2m(403/631)[22m
[135D[1A[0J[1miOS[22m [0m[2mnode_modules/expo-router/[22m[0m[1mentry.js[22m [32m[42m▓▓▓▓▓▓[49m[39m[47m[37m░░░░░░░░░░[39m[49m[1m 41.7% [22m[2m(404/631)[22m
[135D[1A[0J[1miOS[22m [0m[2mnode_modules/expo-router/[22m[0m[1mentry.js[22m [32m[42m▓▓▓▓▓▓[49m[39m[47m[37m░░░░░░░░░░[39m[49m[1m 41.7% [22m[2m(411/654)[22m
[135D[1A[0J[1miOS[22m [0m[2mnode_modules/expo-router/[22m[0m[1mentry.js[22m [32m[42m▓▓▓▓▓▓[49m[39m[47m[37m░░░░░░░░░░[39m[49m[1m 41.7% [22m[2m(418/665)[22m
[135D[1A[0J[1miOS[22m [0m[2mnode_modules/expo-router/[22m[0m[1mentry.js[22m [32m[42m▓▓▓▓▓▓[49m[39m[47m[37m░░░░░░░░░░[39m[49m[1m 41.7% [22m[2m(427/672)[22m
[135D[1A[0J[1miOS[22m [0m[2mnode_modules/expo-router/[22m[0m[1mentry.js[22m [32m[42m▓▓▓▓▓▓[49m[39m[47m[37m░░░░░░░░░░[39m[49m[1m 42.1% [22m[2m(438/675)[22m
[135D[1A[0J[1miOS[22m [0m[2mnode_modules/expo-router/[22m[0m[1mentry.js[22m [32m[42m▓▓▓▓▓▓[49m[39m[47m[37m░░░░░░░░░░[39m[49m[1m 43.7% [22m[2m(448/678)[22m
[135D[1A[0J[1miOS[22m [0m[2mnode_modules/expo-router/[22m[0m[1mentry.js[22m [32m[42m▓▓▓▓▓▓▓[49m[39m[47m[37m░░░░░░░░░[39m[49m[1m 44.7% [22m[2m(458/685)[22m
[135D[1A[0J[1miOS[22m [0m[2mnode_modules/expo-router/[22m[0m[1mentry.js[22m [32m[42m▓▓▓▓▓▓▓[49m[39m[47m[37m░░░░░░░░░[39m[49m[1m 46.5% [22m[2m(467/685)[22m
[135D[1A[0J[1miOS[22m [0m[2mnode_modules/expo-router/[22m[0m[1mentry.js[22m [32m[42m▓▓▓▓▓▓▓[49m[39m[47m[37m░░░░░░░░░[39m[49m[1m 48.3% [22m[2m(477/686)[22m
[135D[1A[0J[1miOS[22m [0m[2mnode_modules/expo-router/[22m[0m[1mentry.js[22m [32m[42m▓▓▓▓▓▓▓[49m[39m[47m[37m░░░░░░░░░[39m[49m[1m 49.7% [22m[2m(485/688)[22m
[135D[1A[0J[1miOS[22m [0m[2mnode_modules/expo-router/[22m[0m[1mentry.js[22m [32m[42m▓▓▓▓▓▓▓▓[49m[39m[47m[37m░░░░░░░░[39m[49m[1m 50.1% [22m[2m(491/694)[22m
[135D[1A[0J[1miOS[22m [0m[2mnode_modules/expo-router/[22m[0m[1mentry.js[22m [32m[42m▓▓▓▓▓▓▓▓[49m[39m[47m[37m░░░░░░░░[39m[49m[1m 51.1% [22m[2m(496/694)[22m
[135D[1A[0J[1miOS[22m [0m[2mnode_modules/expo-router/[22m[0m[1mentry.js[22m [32m[42m▓▓▓▓▓▓▓▓[49m[39m[47m[37m░░░░░░░░[39m[49m[1m 52.4% [22m[2m(503/695)[22m
[135D[1A[0J[1miOS[22m [0m[2mnode_modules/expo-router/[22m[0m[1mentry.js[22m [32m[42m▓▓▓▓▓▓▓▓[49m[39m[47m[37m░░░░░░░░[39m[49m[1m 54.8% [22m[2m(515/696)[22m
[135D[1A[0J[1miOS[22m [0m[2mnode_modules/expo-router/[22m[0m[1mentry.js[22m [32m[42m▓▓▓▓▓▓▓▓▓[49m[39m[47m[37m░░░░░░░[39m[49m[1m 56.8% [22m[2m(526/698)[22m
[135D[1A[0J[1miOS[22m [0m[2mnode_modules/expo-router/[22m[0m[1mentry.js[22m [32m[42m▓▓▓▓▓▓▓▓▓[49m[39m[47m[37m░░░░░░░[39m[49m[1m 57.5% [22m[2m(533/703)[22m
[135D[1A[0J[1miOS[22m [0m[2mnode_modules/expo-router/[22m[0m[1mentry.js[22m [32m[42m▓▓▓▓▓▓▓▓▓[49m[39m[47m[37m░░░░░░░[39m[49m[1m 58.6% [22m[2m(538/703)[22m
[135D[1A[0J[1miOS[22m [0m[2mnode_modules/expo-router/[22m[0m[1mentry.js[22m [32m[42m▓▓▓▓▓▓▓▓▓[49m[39m[47m[37m░░░░░░░[39m[49m[1m 60.6% [22m[2m(551/708)[22m
[135D[1A[0J[1miOS[22m [0m[2mnode_modules/expo-router/[22m[0m[1mentry.js[22m [32m[42m▓▓▓▓▓▓▓▓▓[49m[39m[47m[37m░░░░░░░[39m[49m[1m 62.3% [22m[2m(569/721)[22m
[135D[1A[0J[1miOS[22m [0m[2mnode_modules/expo-router/[22m[0m[1mentry.js[22m [32m[42m▓▓▓▓▓▓▓▓▓▓[49m[39m[47m[37m░░░░░░[39m[49m[1m 63.6% [22m[2m(578/725)[22m
[135D[1A[0J[1miOS[22m [0m[2mnode_modules/expo-router/[22m[0m[1mentry.js[22m [32m[42m▓▓▓▓▓▓▓▓▓▓[49m[39m[47m[37m░░░░░░[39m[49m[1m 64.5% [22m[2m(583/726)[22m
  [38;5;113;1mnativewind [0mresolveRequest.input /Users/apple/david/anilist-clone/global.css [38;5;113m+9s[0m
  [38;5;113;1mnativewind [0mresolveRequest.resolvedTo: /Users/apple/david/anilist-clone/node_modules/nativewind/node_modules/react-native-css-interop/.cache/ios.js [38;5;113m+0ms[0m
  [38;5;113;1mnativewind [0mresolveRequest.development: true [38;5;113m+0ms[0m
  [38;5;113;1mnativewind [0mresolveRequest.platform: ios [38;5;113m+0ms[0m
[135D[1A[0J[1miOS[22m [0m[2mnode_modules/expo-router/[22m[0m[1mentry.js[22m [32m[42m▓▓▓▓▓▓▓▓▓▓[49m[39m[47m[37m░░░░░░[39m[49m[1m 64.5% [22m[2m(589/741)[22m
[135D[1A[0J[1miOS[22m [0m[2mnode_modules/expo-router/[22m[0m[1mentry.js[22m [32m[42m▓▓▓▓▓▓▓▓▓▓[49m[39m[47m[37m░░░░░░[39m[49m[1m 64.5% [22m[2m(602/750)[22m
[135D[1A[0J[1miOS[22m [0m[2mnode_modules/expo-router/[22m[0m[1mentry.js[22m [32m[42m▓▓▓▓▓▓▓▓▓▓[49m[39m[47m[37m░░░░░░[39m[49m[1m 64.8% [22m[2m(607/754)[22m
[135D[1A[0J[1miOS[22m [0m[2mnode_modules/expo-router/[22m[0m[1mentry.js[22m [32m[42m▓▓▓▓▓▓▓▓▓▓[49m[39m[47m[37m░░░░░░[39m[49m[1m 65.0% [22m[2m(608/754)[22m
[135D[1A[0J[1miOS[22m [0m[2mnode_modules/expo-router/[22m[0m[1mentry.js[22m [32m[42m▓▓▓▓▓▓▓▓▓▓[49m[39m[47m[37m░░░░░░[39m[49m[1m 65.4% [22m[2m(614/759)[22m
[135D[1A[0J[1miOS[22m [0m[2mnode_modules/expo-router/[22m[0m[1mentry.js[22m [32m[42m▓▓▓▓▓▓▓▓▓▓[49m[39m[47m[37m░░░░░░[39m[49m[1m 65.4% [22m[2m(619/794)[22m
[135D[1A[0J[1miOS[22m [0m[2mnode_modules/expo-router/[22m[0m[1mentry.js[22m [32m[42m▓▓▓▓▓▓▓▓▓▓[49m[39m[47m[37m░░░░░░[39m[49m[1m 65.4% [22m[2m(627/795)[22m
[135D[1A[0J[1miOS[22m [0m[2mnode_modules/expo-router/[22m[0m[1mentry.js[22m [32m[42m▓▓▓▓▓▓▓▓▓▓[49m[39m[47m[37m░░░░░░[39m[49m[1m 65.4% [22m[2m(632/803)[22m
[135D[1A[0J[1miOS[22m [0m[2mnode_modules/expo-router/[22m[0m[1mentry.js[22m [32m[42m▓▓▓▓▓▓▓▓▓▓[49m[39m[47m[37m░░░░░░[39m[49m[1m 65.4% [22m[2m(643/809)[22m
[135D[1A[0J[1miOS[22m [0m[2mnode_modules/expo-router/[22m[0m[1mentry.js[22m [32m[42m▓▓▓▓▓▓▓▓▓▓[49m[39m[47m[37m░░░░░░[39m[49m[1m 65.4% [22m[2m(655/822)[22m
[135D[1A[0J[1miOS[22m [0m[2mnode_modules/expo-router/[22m[0m[1mentry.js[22m [32m[42m▓▓▓▓▓▓▓▓▓▓[49m[39m[47m[37m░░░░░░[39m[49m[1m 65.4% [22m[2m(668/827)[22m
[135D[1A[0J[1miOS[22m [0m[2mnode_modules/expo-router/[22m[0m[1mentry.js[22m [32m[42m▓▓▓▓▓▓▓▓▓▓[49m[39m[47m[37m░░░░░░[39m[49m[1m 67.3% [22m[2m(680/829)[22m
[135D[1A[0J[1miOS[22m [0m[2mnode_modules/expo-router/[22m[0m[1mentry.js[22m [32m[42m▓▓▓▓▓▓▓▓▓▓[49m[39m[47m[37m░░░░░░[39m[49m[1m 67.3% [22m[2m(691/843)[22m
[135D[1A[0J[1miOS[22m [0m[2mnode_modules/expo-router/[22m[0m[1mentry.js[22m [32m[42m▓▓▓▓▓▓▓▓▓▓[49m[39m[47m[37m░░░░░░[39m[49m[1m 67.4% [22m[2m(692/843)[22m
[135D[1A[0J[1miOS[22m [0m[2mnode_modules/expo-router/[22m[0m[1mentry.js[22m [32m[42m▓▓▓▓▓▓▓▓▓▓[49m[39m[47m[37m░░░░░░[39m[49m[1m 68.7% [22m[2m(703/848)[22m
[135D[1A[0J[1miOS[22m [0m[2mnode_modules/expo-router/[22m[0m[1mentry.js[22m [32m[42m▓▓▓▓▓▓▓▓▓▓▓[49m[39m[47m[37m░░░░░[39m[49m[1m 69.0% [22m[2m(706/850)[22m
[135D[1A[0J[1miOS[22m [0m[2mnode_modules/expo-router/[22m[0m[1mentry.js[22m [32m[42m▓▓▓▓▓▓▓▓▓▓▓[49m[39m[47m[37m░░░░░[39m[49m[1m 69.2% [22m[2m(709/852)[22m
[135D[1A[0J[1miOS[22m [0m[2mnode_modules/expo-router/[22m[0m[1mentry.js[22m [32m[42m▓▓▓▓▓▓▓▓▓▓▓[49m[39m[47m[37m░░░░░[39m[49m[1m 70.9% [22m[2m(718/853)[22m
[135D[1A[0J[1miOS[22m [0m[2mnode_modules/expo-router/[22m[0m[1mentry.js[22m [32m[42m▓▓▓▓▓▓▓▓▓▓▓[49m[39m[47m[37m░░░░░[39m[49m[1m 71.2% [22m[2m(720/853)[22m
[135D[1A[0J[1miOS[22m [0m[2mnode_modules/expo-router/[22m[0m[1mentry.js[22m [32m[42m▓▓▓▓▓▓▓▓▓▓▓[49m[39m[47m[37m░░░░░[39m[49m[1m 71.4% [22m[2m(721/853)[22m
[135D[1A[0J[1miOS[22m [0m[2mnode_modules/expo-router/[22m[0m[1mentry.js[22m [32m[42m▓▓▓▓▓▓▓▓▓▓▓[49m[39m[47m[37m░░░░░[39m[49m[1m 71.4% [22m[2m(733/913)[22m
[135D[1A[0J[1miOS[22m [0m[2mnode_modules/expo-router/[22m[0m[1mentry.js[22m [32m[42m▓▓▓▓▓▓▓▓▓▓▓[49m[39m[47m[37m░░░░░[39m[49m[1m 71.4% [22m[2m(741/970)[22m
[135D[1A[0J[1miOS[22m [0m[2mnode_modules/expo-router/[22m[0m[1mentry.js[22m [32m[42m▓▓▓▓▓▓▓▓▓▓▓[49m[39m[47m[37m░░░░░[39m[49m[1m 71.4% [22m[2m( 750/1027)[22m
[135D[1A[0J[1miOS[22m [0m[2mnode_modules/expo-router/[22m[0m[1mentry.js[22m [32m[42m▓▓▓▓▓▓▓▓▓▓▓[49m[39m[47m[37m░░░░░[39m[49m[1m 71.4% [22m[2m( 761/1031)[22m
[135D[1A[0J[1miOS[22m [0m[2mnode_modules/expo-router/[22m[0m[1mentry.js[22m [32m[42m▓▓▓▓▓▓▓▓▓▓▓[49m[39m[47m[37m░░░░░[39m[49m[1m 71.4% [22m[2m( 767/1046)[22m
[135D[1A[0J[1miOS[22m [0m[2mnode_modules/expo-router/[22m[0m[1mentry.js[22m [32m[42m▓▓▓▓▓▓▓▓▓▓▓[49m[39m[47m[37m░░░░░[39m[49m[1m 71.4% [22m[2m( 780/1049)[22m
[135D[1A[0J[1miOS[22m [0m[2mnode_modules/expo-router/[22m[0m[1mentry.js[22m [32m[42m▓▓▓▓▓▓▓▓▓▓▓[49m[39m[47m[37m░░░░░[39m[49m[1m 71.4% [22m[2m( 793/1062)[22m
[135D[1A[0J[1miOS[22m [0m[2mnode_modules/expo-router/[22m[0m[1mentry.js[22m [32m[42m▓▓▓▓▓▓▓▓▓▓▓[49m[39m[47m[37m░░░░░[39m[49m[1m 71.4% [22m[2m( 801/1064)[22m
[135D[1A[0J[1miOS[22m [0m[2mnode_modules/expo-router/[22m[0m[1mentry.js[22m [32m[42m▓▓▓▓▓▓▓▓▓▓▓[49m[39m[47m[37m░░░░░[39m[49m[1m 71.4% [22m[2m( 806/1091)[22m
[135D[1A[0J[1miOS[22m [0m[2mnode_modules/expo-router/[22m[0m[1mentry.js[22m [32m[42m▓▓▓▓▓▓▓▓▓▓▓[49m[39m[47m[37m░░░░░[39m[49m[1m 71.4% [22m[2m( 820/1097)[22m
[135D[1A[0J[1miOS[22m [0m[2mnode_modules/expo-router/[22m[0m[1mentry.js[22m [32m[42m▓▓▓▓▓▓▓▓▓▓▓[49m[39m[47m[37m░░░░░[39m[49m[1m 71.4% [22m[2m( 832/1102)[22m
[135D[1A[0J[1miOS[22m [0m[2mnode_modules/expo-router/[22m[0m[1mentry.js[22m [32m[42m▓▓▓▓▓▓▓▓▓▓▓[49m[39m[47m[37m░░░░░[39m[49m[1m 71.4% [22m[2m( 839/1108)[22m
[135D[1A[0J[1miOS[22m [0m[2mnode_modules/expo-router/[22m[0m[1mentry.js[22m [32m[42m▓▓▓▓▓▓▓▓▓▓▓[49m[39m[47m[37m░░░░░[39m[49m[1m 71.4% [22m[2m( 848/1119)[22m
[135D[1A[0J[1miOS[22m [0m[2mnode_modules/expo-router/[22m[0m[1mentry.js[22m [32m[42m▓▓▓▓▓▓▓▓▓▓▓[49m[39m[47m[37m░░░░░[39m[49m[1m 71.4% [22m[2m( 857/1122)[22m
[135D[1A[0J[1miOS[22m [0m[2mnode_modules/expo-router/[22m[0m[1mentry.js[22m [32m[42m▓▓▓▓▓▓▓▓▓▓▓[49m[39m[47m[37m░░░░░[39m[49m[1m 71.4% [22m[2m( 865/1139)[22m
[135D[1A[0J[1miOS[22m [0m[2mnode_modules/expo-router/[22m[0m[1mentry.js[22m [32m[42m▓▓▓▓▓▓▓▓▓▓▓[49m[39m[47m[37m░░░░░[39m[49m[1m 71.4% [22m[2m( 875/1182)[22m
[135D[1A[0J[1miOS[22m [0m[2mnode_modules/expo-router/[22m[0m[1mentry.js[22m [32m[42m▓▓▓▓▓▓▓▓▓▓▓[49m[39m[47m[37m░░░░░[39m[49m[1m 71.4% [22m[2m( 884/1190)[22m
[135D[1A[0J[1miOS[22m [0m[2mnode_modules/expo-router/[22m[0m[1mentry.js[22m [32m[42m▓▓▓▓▓▓▓▓▓▓▓[49m[39m[47m[37m░░░░░[39m[49m[1m 71.4% [22m[2m( 900/1194)[22m
[135D[1A[0J[1miOS[22m [0m[2mnode_modules/expo-router/[22m[0m[1mentry.js[22m [32m[42m▓▓▓▓▓▓▓▓▓▓▓[49m[39m[47m[37m░░░░░[39m[49m[1m 71.4% [22m[2m( 924/1201)[22m
[135D[1A[0J[1miOS[22m [0m[2mnode_modules/expo-router/[22m[0m[1mentry.js[22m [32m[42m▓▓▓▓▓▓▓▓▓▓▓[49m[39m[47m[37m░░░░░[39m[49m[1m 71.4% [22m[2m( 934/1226)[22m
[135D[1A[0J[1miOS[22m [0m[2mnode_modules/expo-router/[22m[0m[1mentry.js[22m [32m[42m▓▓▓▓▓▓▓▓▓▓▓[49m[39m[47m[37m░░░░░[39m[49m[1m 71.4% [22m[2m( 941/1246)[22m
[135D[1A[0J[1miOS[22m [0m[2mnode_modules/expo-router/[22m[0m[1mentry.js[22m [32m[42m▓▓▓▓▓▓▓▓▓▓▓[49m[39m[47m[37m░░░░░[39m[49m[1m 71.4% [22m[2m( 945/1251)[22m
[135D[1A[0J[1miOS[22m [0m[2mnode_modules/expo-router/[22m[0m[1mentry.js[22m [32m[42m▓▓▓▓▓▓▓▓▓▓▓[49m[39m[47m[37m░░░░░[39m[49m[1m 71.4% [22m[2m( 949/1256)[22m
[135D[1A[0J[1miOS[22m [0m[2mnode_modules/expo-router/[22m[0m[1mentry.js[22m [32m[42m▓▓▓▓▓▓▓▓▓▓▓[49m[39m[47m[37m░░░░░[39m[49m[1m 71.4% [22m[2m( 950/1256)[22m
[135D[1A[0J[1miOS[22m [0m[2mnode_modules/expo-router/[22m[0m[1mentry.js[22m [32m[42m▓▓▓▓▓▓▓▓▓▓▓[49m[39m[47m[37m░░░░░[39m[49m[1m 71.4% [22m[2m( 952/1273)[22m
[135D[1A[0J[1miOS[22m [0m[2mnode_modules/expo-router/[22m[0m[1mentry.js[22m [32m[42m▓▓▓▓▓▓▓▓▓▓▓[49m[39m[47m[37m░░░░░[39m[49m[1m 71.4% [22m[2m( 953/1273)[22m
[135D[1A[0J[1miOS[22m [0m[2mnode_modules/expo-router/[22m[0m[1mentry.js[22m [32m[42m▓▓▓▓▓▓▓▓▓▓▓[49m[39m[47m[37m░░░░░[39m[49m[1m 71.4% [22m[2m( 956/1275)[22m
[135D[1A[0J[1miOS[22m [0m[2mnode_modules/expo-router/[22m[0m[1mentry.js[22m [32m[42m▓▓▓▓▓▓▓▓▓▓▓[49m[39m[47m[37m░░░░░[39m[49m[1m 71.4% [22m[2m( 963/1287)[22m
[135D[1A[0J[1miOS[22m [0m[2mnode_modules/expo-router/[22m[0m[1mentry.js[22m [32m[42m▓▓▓▓▓▓▓▓▓▓▓[49m[39m[47m[37m░░░░░[39m[49m[1m 71.4% [22m[2m( 971/1299)[22m
[135D[1A[0J[1miOS[22m [0m[2mnode_modules/expo-router/[22m[0m[1mentry.js[22m [32m[42m▓▓▓▓▓▓▓▓▓▓▓[49m[39m[47m[37m░░░░░[39m[49m[1m 71.4% [22m[2m( 981/1325)[22m
[135D[1A[0J[1miOS[22m [0m[2mnode_modules/expo-router/[22m[0m[1mentry.js[22m [32m[42m▓▓▓▓▓▓▓▓▓▓▓[49m[39m[47m[37m░░░░░[39m[49m[1m 71.4% [22m[2m( 990/1330)[22m
[135D[1A[0J[1miOS[22m [0m[2mnode_modules/expo-router/[22m[0m[1mentry.js[22m [32m[42m▓▓▓▓▓▓▓▓▓▓▓[49m[39m[47m[37m░░░░░[39m[49m[1m 71.4% [22m[2m(1001/1353)[22m
[135D[1A[0J[1miOS[22m [0m[2mnode_modules/expo-router/[22m[0m[1mentry.js[22m [32m[42m▓▓▓▓▓▓▓▓▓▓▓[49m[39m[47m[37m░░░░░[39m[49m[1m 71.4% [22m[2m(1019/1394)[22m
[135D[1A[0J[1miOS[22m [0m[2mnode_modules/expo-router/[22m[0m[1mentry.js[22m [32m[42m▓▓▓▓▓▓▓▓▓▓▓[49m[39m[47m[37m░░░░░[39m[49m[1m 71.4% [22m[2m(1040/1395)[22m
[135D[1A[0J[1miOS[22m [0m[2mnode_modules/expo-router/[22m[0m[1mentry.js[22m [32m[42m▓▓▓▓▓▓▓▓▓▓▓[49m[39m[47m[37m░░░░░[39m[49m[1m 71.4% [22m[2m(1056/1398)[22m
[135D[1A[0J[1miOS[22m [0m[2mnode_modules/expo-router/[22m[0m[1mentry.js[22m [32m[42m▓▓▓▓▓▓▓▓▓▓▓[49m[39m[47m[37m░░░░░[39m[49m[1m 71.4% [22m[2m(1060/1403)[22m
[135D[1A[0J[1miOS[22m [0m[2mnode_modules/expo-router/[22m[0m[1mentry.js[22m [32m[42m▓▓▓▓▓▓▓▓▓▓▓[49m[39m[47m[37m░░░░░[39m[49m[1m 71.4% [22m[2m(1071/1407)[22m
[135D[1A[0J[1miOS[22m [0m[2mnode_modules/expo-router/[22m[0m[1mentry.js[22m [32m[42m▓▓▓▓▓▓▓▓▓▓▓[49m[39m[47m[37m░░░░░[39m[49m[1m 71.4% [22m[2m(1083/1408)[22m
[135D[1A[0J[1miOS[22m [0m[2mnode_modules/expo-router/[22m[0m[1mentry.js[22m [32m[42m▓▓▓▓▓▓▓▓▓▓▓[49m[39m[47m[37m░░░░░[39m[49m[1m 71.4% [22m[2m(1092/1422)[22m
[135D[1A[0J[1miOS[22m [0m[2mnode_modules/expo-router/[22m[0m[1mentry.js[22m [32m[42m▓▓▓▓▓▓▓▓▓▓▓[49m[39m[47m[37m░░░░░[39m[49m[1m 71.4% [22m[2m(1096/1427)[22m
[135D[1A[0J[1miOS[22m [0m[2mnode_modules/expo-router/[22m[0m[1mentry.js[22m [32m[42m▓▓▓▓▓▓▓▓▓▓▓[49m[39m[47m[37m░░░░░[39m[49m[1m 71.4% [22m[2m(1101/1430)[22m
[135D[1A[0J[1miOS[22m [0m[2mnode_modules/expo-router/[22m[0m[1mentry.js[22m [32m[42m▓▓▓▓▓▓▓▓▓▓▓[49m[39m[47m[37m░░░░░[39m[49m[1m 71.4% [22m[2m(1112/1435)[22m
[135D[1A[0J[1miOS[22m [0m[2mnode_modules/expo-router/[22m[0m[1mentry.js[22m [32m[42m▓▓▓▓▓▓▓▓▓▓▓[49m[39m[47m[37m░░░░░[39m[49m[1m 71.4% [22m[2m(1124/1441)[22m
[135D[1A[0J[1miOS[22m [0m[2mnode_modules/expo-router/[22m[0m[1mentry.js[22m [32m[42m▓▓▓▓▓▓▓▓▓▓▓[49m[39m[47m[37m░░░░░[39m[49m[1m 71.4% [22m[2m(1137/1444)[22m
[135D[1A[0J[1miOS[22m [0m[2mnode_modules/expo-router/[22m[0m[1mentry.js[22m [32m[42m▓▓▓▓▓▓▓▓▓▓▓[49m[39m[47m[37m░░░░░[39m[49m[1m 71.4% [22m[2m(1149/1449)[22m
[135D[1A[0J[1miOS[22m [0m[2mnode_modules/expo-router/[22m[0m[1mentry.js[22m [32m[42m▓▓▓▓▓▓▓▓▓▓▓[49m[39m[47m[37m░░░░░[39m[49m[1m 71.4% [22m[2m(1163/1457)[22m
[135D[1A[0J[1miOS[22m [0m[2mnode_modules/expo-router/[22m[0m[1mentry.js[22m [32m[42m▓▓▓▓▓▓▓▓▓▓▓[49m[39m[47m[37m░░░░░[39m[49m[1m 71.4% [22m[2m(1176/1515)[22m
[135D[1A[0J[1miOS[22m [0m[2mnode_modules/expo-router/[22m[0m[1mentry.js[22m [32m[42m▓▓▓▓▓▓▓▓▓▓▓[49m[39m[47m[37m░░░░░[39m[49m[1m 71.4% [22m[2m(1185/1694)[22m
[135D[1A[0J[1miOS[22m [0m[2mnode_modules/expo-router/[22m[0m[1mentry.js[22m [32m[42m▓▓▓▓▓▓▓▓▓▓▓[49m[39m[47m[37m░░░░░[39m[49m[1m 71.4% [22m[2m(1203/1704)[22m
[135D[1A[0J[1miOS[22m [0m[2mnode_modules/expo-router/[22m[0m[1mentry.js[22m [32m[42m▓▓▓▓▓▓▓▓▓▓▓[49m[39m[47m[37m░░░░░[39m[49m[1m 71.4% [22m[2m(1217/1714)[22m
[135D[1A[0J[1miOS[22m [0m[2mnode_modules/expo-router/[22m[0m[1mentry.js[22m [32m[42m▓▓▓▓▓▓▓▓▓▓▓[49m[39m[47m[37m░░░░░[39m[49m[1m 71.4% [22m[2m(1235/1722)[22m
[135D[1A[0J[1miOS[22m [0m[2mnode_modules/expo-router/[22m[0m[1mentry.js[22m [32m[42m▓▓▓▓▓▓▓▓▓▓▓[49m[39m[47m[37m░░░░░[39m[49m[1m 71.4% [22m[2m(1239/1725)[22m
[135D[1A[0J[1miOS[22m [0m[2mnode_modules/expo-router/[22m[0m[1mentry.js[22m [32m[42m▓▓▓▓▓▓▓▓▓▓▓[49m[39m[47m[37m░░░░░[39m[49m[1m 71.4% [22m[2m(1248/1745)[22m
[135D[1A[0J[1miOS[22m [0m[2mnode_modules/expo-router/[22m[0m[1mentry.js[22m [32m[42m▓▓▓▓▓▓▓▓▓▓▓[49m[39m[47m[37m░░░░░[39m[49m[1m 71.4% [22m[2m(1256/1756)[22m
[135D[1A[0J[1miOS[22m [0m[2mnode_modules/expo-router/[22m[0m[1mentry.js[22m [32m[42m▓▓▓▓▓▓▓▓▓▓▓[49m[39m[47m[37m░░░░░[39m[49m[1m 71.4% [22m[2m(1261/1757)[22m
[135D[1A[0J[1miOS[22m [0m[2mnode_modules/expo-router/[22m[0m[1mentry.js[22m [32m[42m▓▓▓▓▓▓▓▓▓▓▓[49m[39m[47m[37m░░░░░[39m[49m[1m 71.4% [22m[2m(1273/1764)[22m
[135D[1A[0J[1miOS[22m [0m[2mnode_modules/expo-router/[22m[0m[1mentry.js[22m [32m[42m▓▓▓▓▓▓▓▓▓▓▓[49m[39m[47m[37m░░░░░[39m[49m[1m 71.4% [22m[2m(1279/1780)[22m
[135D[1A[0J[1miOS[22m [0m[2mnode_modules/expo-router/[22m[0m[1mentry.js[22m [32m[42m▓▓▓▓▓▓▓▓▓▓▓[49m[39m[47m[37m░░░░░[39m[49m[1m 71.4% [22m[2m(1311/1787)[22m
[135D[1A[0J[1miOS[22m [0m[2mnode_modules/expo-router/[22m[0m[1mentry.js[22m [32m[42m▓▓▓▓▓▓▓▓▓▓▓[49m[39m[47m[37m░░░░░[39m[49m[1m 71.4% [22m[2m(1333/1794)[22m
[135D[1A[0J[1miOS[22m [0m[2mnode_modules/expo-router/[22m[0m[1mentry.js[22m [32m[42m▓▓▓▓▓▓▓▓▓▓▓[49m[39m[47m[37m░░░░░[39m[49m[1m 71.4% [22m[2m(1348/1810)[22m
[135D[1A[0J[1miOS[22m [0m[2mnode_modules/expo-router/[22m[0m[1mentry.js[22m [32m[42m▓▓▓▓▓▓▓▓▓▓▓[49m[39m[47m[37m░░░░░[39m[49m[1m 71.4% [22m[2m(1379/1826)[22m
[135D[1A[0J[1miOS[22m [0m[2mnode_modules/expo-router/[22m[0m[1mentry.js[22m [32m[42m▓▓▓▓▓▓▓▓▓▓▓[49m[39m[47m[37m░░░░░[39m[49m[1m 71.4% [22m[2m(1413/1831)[22m
[135D[1A[0J[1miOS[22m [0m[2mnode_modules/expo-router/[22m[0m[1mentry.js[22m [32m[42m▓▓▓▓▓▓▓▓▓▓▓[49m[39m[47m[37m░░░░░[39m[49m[1m 71.4% [22m[2m(1427/1838)[22m
[135D[1A[0J[1miOS[22m [0m[2mnode_modules/expo-router/[22m[0m[1mentry.js[22m [32m[42m▓▓▓▓▓▓▓▓▓▓▓[49m[39m[47m[37m░░░░░[39m[49m[1m 71.4% [22m[2m(1446/1844)[22m
[135D[1A[0J[1miOS[22m [0m[2mnode_modules/expo-router/[22m[0m[1mentry.js[22m [32m[42m▓▓▓▓▓▓▓▓▓▓▓[49m[39m[47m[37m░░░░░[39m[49m[1m 71.4% [22m[2m(1465/1852)[22m
[135D[1A[0J[1miOS[22m [0m[2mnode_modules/expo-router/[22m[0m[1mentry.js[22m [32m[42m▓▓▓▓▓▓▓▓▓▓▓[49m[39m[47m[37m░░░░░[39m[49m[1m 71.4% [22m[2m(1502/1853)[22m
[135D[1A[0J[1miOS[22m [0m[2mnode_modules/expo-router/[22m[0m[1mentry.js[22m [32m[42m▓▓▓▓▓▓▓▓▓▓▓[49m[39m[47m[37m░░░░░[39m[49m[1m 71.4% [22m[2m(1525/1868)[22m
[135D[1A[0J[1miOS[22m [0m[2mnode_modules/expo-router/[22m[0m[1mentry.js[22m [32m[42m▓▓▓▓▓▓▓▓▓▓▓[49m[39m[47m[37m░░░░░[39m[49m[1m 71.4% [22m[2m(1556/1884)[22m
[135D[1A[0J[1miOS[22m [0m[2mnode_modules/expo-router/[22m[0m[1mentry.js[22m [32m[42m▓▓▓▓▓▓▓▓▓▓▓[49m[39m[47m[37m░░░░░[39m[49m[1m 71.4% [22m[2m(1600/1901)[22m
[135D[1A[0J[1miOS[22m [0m[2mnode_modules/expo-router/[22m[0m[1mentry.js[22m [32m[42m▓▓▓▓▓▓▓▓▓▓▓[49m[39m[47m[37m░░░░░[39m[49m[1m 74.1% [22m[2m(1639/1904)[22m
[135D[1A[0J[1miOS[22m [0m[2mnode_modules/expo-router/[22m[0m[1mentry.js[22m [32m[42m▓▓▓▓▓▓▓▓▓▓▓▓[49m[39m[47m[37m░░░░[39m[49m[1m 77.1% [22m[2m(1672/1904)[22m
[135D[1A[0J[1miOS[22m [0m[2mnode_modules/expo-router/[22m[0m[1mentry.js[22m [32m[42m▓▓▓▓▓▓▓▓▓▓▓▓[49m[39m[47m[37m░░░░[39m[49m[1m 77.1% [22m[2m(1696/1998)[22m
[135D[1A[0J[1miOS[22m [0m[2mnode_modules/expo-router/[22m[0m[1mentry.js[22m [32m[42m▓▓▓▓▓▓▓▓▓▓▓▓[49m[39m[47m[37m░░░░[39m[49m[1m 77.1% [22m[2m(1715/2004)[22m
[135D[1A[0J[1miOS[22m [0m[2mnode_modules/expo-router/[22m[0m[1mentry.js[22m [32m[42m▓▓▓▓▓▓▓▓▓▓▓▓[49m[39m[47m[37m░░░░[39m[49m[1m 77.1% [22m[2m(1722/2008)[22m
[135D[1A[0J[1miOS[22m [0m[2mnode_modules/expo-router/[22m[0m[1mentry.js[22m [32m[42m▓▓▓▓▓▓▓▓▓▓▓▓[49m[39m[47m[37m░░░░[39m[49m[1m 77.1% [22m[2m(1730/2024)[22m
[135D[1A[0J[1miOS[22m [0m[2mnode_modules/expo-router/[22m[0m[1mentry.js[22m [32m[42m▓▓▓▓▓▓▓▓▓▓▓▓[49m[39m[47m[37m░░░░[39m[49m[1m 77.1% [22m[2m(1734/2026)[22m
[135D[1A[0J[1miOS[22m [0m[2mnode_modules/expo-router/[22m[0m[1mentry.js[22m [32m[42m▓▓▓▓▓▓▓▓▓▓▓▓[49m[39m[47m[37m░░░░[39m[49m[1m 77.1% [22m[2m(1738/2030)[22m
[135D[1A[0J[1miOS[22m [0m[2mnode_modules/expo-router/[22m[0m[1mentry.js[22m [32m[42m▓▓▓▓▓▓▓▓▓▓▓▓[49m[39m[47m[37m░░░░[39m[49m[1m 77.1% [22m[2m(1749/2033)[22m
[135D[1A[0J[1miOS[22m [0m[2mnode_modules/expo-router/[22m[0m[1mentry.js[22m [32m[42m▓▓▓▓▓▓▓▓▓▓▓▓[49m[39m[47m[37m░░░░[39m[49m[1m 77.1% [22m[2m(1757/2035)[22m
[135D[1A[0J[1miOS[22m [0m[2mnode_modules/expo-router/[22m[0m[1mentry.js[22m [32m[42m▓▓▓▓▓▓▓▓▓▓▓▓[49m[39m[47m[37m░░░░[39m[49m[1m 77.1% [22m[2m(1763/2036)[22m
[135D[1A[0J[1miOS[22m [0m[2mnode_modules/expo-router/[22m[0m[1mentry.js[22m [32m[42m▓▓▓▓▓▓▓▓▓▓▓▓[49m[39m[47m[37m░░░░[39m[49m[1m 77.1% [22m[2m(1764/2036)[22m
[135D[1A[0J[1miOS[22m [0m[2mnode_modules/expo-router/[22m[0m[1mentry.js[22m [32m[42m▓▓▓▓▓▓▓▓▓▓▓▓[49m[39m[47m[37m░░░░[39m[49m[1m 77.1% [22m[2m(1766/2036)[22m
[135D[1A[0J[1miOS[22m [0m[2mnode_modules/expo-router/[22m[0m[1mentry.js[22m [32m[42m▓▓▓▓▓▓▓▓▓▓▓▓[49m[39m[47m[37m░░░░[39m[49m[1m 77.1% [22m[2m(1767/2036)[22m
[135D[1A[0J[1miOS[22m [0m[2mnode_modules/expo-router/[22m[0m[1mentry.js[22m [32m[42m▓▓▓▓▓▓▓▓▓▓▓▓[49m[39m[47m[37m░░░░[39m[49m[1m 77.1% [22m[2m(1768/2036)[22m
[135D[1A[0J[1miOS[22m [0m[2mnode_modules/expo-router/[22m[0m[1mentry.js[22m [32m[42m▓▓▓▓▓▓▓▓▓▓▓▓[49m[39m[47m[37m░░░░[39m[49m[1m 77.1% [22m[2m(1769/2036)[22m
[135D[1A[0J[1miOS[22m [0m[2mnode_modules/expo-router/[22m[0m[1mentry.js[22m [32m[42m▓▓▓▓▓▓▓▓▓▓▓▓[49m[39m[47m[37m░░░░[39m[49m[1m 77.1% [22m[2m(1777/2036)[22m
[135D[1A[0J[1miOS[22m [0m[2mnode_modules/expo-router/[22m[0m[1mentry.js[22m [32m[42m▓▓▓▓▓▓▓▓▓▓▓▓[49m[39m[47m[37m░░░░[39m[49m[1m 77.1% [22m[2m(1783/2037)[22m
[135D[1A[0J[1miOS[22m [0m[2mnode_modules/expo-router/[22m[0m[1mentry.js[22m [32m[42m▓▓▓▓▓▓▓▓▓▓▓▓[49m[39m[47m[37m░░░░[39m[49m[1m 77.1% [22m[2m(1796/2046)[22m
[135D[1A[0J[1miOS[22m [0m[2mnode_modules/expo-router/[22m[0m[1mentry.js[22m [32m[42m▓▓▓▓▓▓▓▓▓▓▓▓[49m[39m[47m[37m░░░░[39m[49m[1m 77.1% [22m[2m(1811/2085)[22m
[135D[1A[0J[1miOS[22m [0m[2mnode_modules/expo-router/[22m[0m[1mentry.js[22m [32m[42m▓▓▓▓▓▓▓▓▓▓▓▓[49m[39m[47m[37m░░░░[39m[49m[1m 77.1% [22m[2m(1823/2099)[22m
[135D[1A[0J[1miOS[22m [0m[2mnode_modules/expo-router/[22m[0m[1mentry.js[22m [32m[42m▓▓▓▓▓▓▓▓▓▓▓▓[49m[39m[47m[37m░░░░[39m[49m[1m 77.1% [22m[2m(1828/2345)[22m
[135D[1A[0J[1miOS[22m [0m[2mnode_modules/expo-router/[22m[0m[1mentry.js[22m [32m[42m▓▓▓▓▓▓▓▓▓▓▓▓[49m[39m[47m[37m░░░░[39m[49m[1m 77.1% [22m[2m(1845/2380)[22m
[135D[1A[0J[1miOS[22m [0m[2mnode_modules/expo-router/[22m[0m[1mentry.js[22m [32m[42m▓▓▓▓▓▓▓▓▓▓▓▓[49m[39m[47m[37m░░░░[39m[49m[1m 77.1% [22m[2m(1886/2393)[22m
[135D[1A[0J[1miOS[22m [0m[2mnode_modules/expo-router/[22m[0m[1mentry.js[22m [32m[42m▓▓▓▓▓▓▓▓▓▓▓▓[49m[39m[47m[37m░░░░[39m[49m[1m 77.1% [22m[2m(1912/2396)[22m
[135D[1A[0J[1miOS[22m [0m[2mnode_modules/expo-router/[22m[0m[1mentry.js[22m [32m[42m▓▓▓▓▓▓▓▓▓▓▓▓[49m[39m[47m[37m░░░░[39m[49m[1m 77.1% [22m[2m(1923/2403)[22m
[135D[1A[0J[1miOS[22m [0m[2mnode_modules/expo-router/[22m[0m[1mentry.js[22m [32m[42m▓▓▓▓▓▓▓▓▓▓▓▓[49m[39m[47m[37m░░░░[39m[49m[1m 77.1% [22m[2m(1941/2413)[22m
[135D[1A[0J[1miOS[22m [0m[2mnode_modules/expo-router/[22m[0m[1mentry.js[22m [32m[42m▓▓▓▓▓▓▓▓▓▓▓▓[49m[39m[47m[37m░░░░[39m[49m[1m 77.1% [22m[2m(1964/2415)[22m
[135D[1A[0J[1miOS[22m [0m[2mnode_modules/expo-router/[22m[0m[1mentry.js[22m [32m[42m▓▓▓▓▓▓▓▓▓▓▓▓[49m[39m[47m[37m░░░░[39m[49m[1m 77.1% [22m[2m(1978/2417)[22m
[135D[1A[0J[1miOS[22m [0m[2mnode_modules/expo-router/[22m[0m[1mentry.js[22m [32m[42m▓▓▓▓▓▓▓▓▓▓▓▓[49m[39m[47m[37m░░░░[39m[49m[1m 77.1% [22m[2m(1989/2419)[22m
[135D[1A[0J[1miOS[22m [0m[2mnode_modules/expo-router/[22m[0m[1mentry.js[22m [32m[42m▓▓▓▓▓▓▓▓▓▓▓▓[49m[39m[47m[37m░░░░[39m[49m[1m 77.1% [22m[2m(1997/2420)[22m
[135D[1A[0J[1miOS[22m [0m[2mnode_modules/expo-router/[22m[0m[1mentry.js[22m [32m[42m▓▓▓▓▓▓▓▓▓▓▓▓[49m[39m[47m[37m░░░░[39m[49m[1m 77.1% [22m[2m(2012/2422)[22m
[135D[1A[0J[1miOS[22m [0m[2mnode_modules/expo-router/[22m[0m[1mentry.js[22m [32m[42m▓▓▓▓▓▓▓▓▓▓▓▓[49m[39m[47m[37m░░░░[39m[49m[1m 77.1% [22m[2m(2034/2454)[22m
[135D[1A[0J[1miOS[22m [0m[2mnode_modules/expo-router/[22m[0m[1mentry.js[22m [32m[42m▓▓▓▓▓▓▓▓▓▓▓▓[49m[39m[47m[37m░░░░[39m[49m[1m 77.1% [22m[2m(2053/2466)[22m
[135D[1A[0J[1miOS[22m [0m[2mnode_modules/expo-router/[22m[0m[1mentry.js[22m [32m[42m▓▓▓▓▓▓▓▓▓▓▓▓[49m[39m[47m[37m░░░░[39m[49m[1m 77.1% [22m[2m(2092/2471)[22m
[135D[1A[0J[1miOS[22m [0m[2mnode_modules/expo-router/[22m[0m[1mentry.js[22m [32m[42m▓▓▓▓▓▓▓▓▓▓▓▓[49m[39m[47m[37m░░░░[39m[49m[1m 77.1% [22m[2m(2137/2491)[22m
[135D[1A[0J[1miOS[22m [0m[2mnode_modules/expo-router/[22m[0m[1mentry.js[22m [32m[42m▓▓▓▓▓▓▓▓▓▓▓▓[49m[39m[47m[37m░░░░[39m[49m[1m 77.1% [22m[2m(2187/2509)[22m
[135D[1A[0J[1miOS[22m [0m[2mnode_modules/expo-router/[22m[0m[1mentry.js[22m [32m[42m▓▓▓▓▓▓▓▓▓▓▓▓[49m[39m[47m[37m░░░░[39m[49m[1m 80.2% [22m[2m(2255/2518)[22m
[135D[1A[0J[1miOS[22m [0m[2mnode_modules/expo-router/[22m[0m[1mentry.js[22m [32m[42m▓▓▓▓▓▓▓▓▓▓▓▓▓[49m[39m[47m[37m░░░[39m[49m[1m 84.6% [22m[2m(2324/2527)[22m
[135D[1A[0J[1miOS[22m [0m[2mnode_modules/expo-router/[22m[0m[1mentry.js[22m [32m[42m▓▓▓▓▓▓▓▓▓▓▓▓▓[49m[39m[47m[37m░░░[39m[49m[1m 86.6% [22m[2m(2358/2534)[22m
[135D[1A[0J[1miOS[22m [0m[2mnode_modules/expo-router/[22m[0m[1mentry.js[22m [32m[42m▓▓▓▓▓▓▓▓▓▓▓▓▓[49m[39m[47m[37m░░░[39m[49m[1m 86.6% [22m[2m(2379/2563)[22m
[135D[1A[0J[1miOS[22m [0m[2mnode_modules/expo-router/[22m[0m[1mentry.js[22m [32m[42m▓▓▓▓▓▓▓▓▓▓▓▓▓▓[49m[39m[47m[37m░░[39m[49m[1m 88.2% [22m[2m(2408/2564)[22m
[135D[1A[0J[1miOS[22m [0m[2mnode_modules/expo-router/[22m[0m[1mentry.js[22m [32m[42m▓▓▓▓▓▓▓▓▓▓▓▓▓▓[49m[39m[47m[37m░░[39m[49m[1m 89.0% [22m[2m(2433/2579)[22m
[135D[1A[0J[1miOS[22m [0m[2mnode_modules/expo-router/[22m[0m[1mentry.js[22m [32m[42m▓▓▓▓▓▓▓▓▓▓▓▓▓▓[49m[39m[47m[37m░░[39m[49m[1m 89.1% [22m[2m(2444/2589)[22m
[135D[1A[0J[1miOS[22m [0m[2mnode_modules/expo-router/[22m[0m[1mentry.js[22m [32m[42m▓▓▓▓▓▓▓▓▓▓▓▓▓▓[49m[39m[47m[37m░░[39m[49m[1m 90.0% [22m[2m(2465/2598)[22m
[135D[1A[0J[1miOS[22m [0m[2mnode_modules/expo-router/[22m[0m[1mentry.js[22m [32m[42m▓▓▓▓▓▓▓▓▓▓▓▓▓▓[49m[39m[47m[37m░░[39m[49m[1m 92.2% [22m[2m(2501/2605)[22m
[135D[1A[0J[1miOS[22m [0m[2mnode_modules/expo-router/[22m[0m[1mentry.js[22m [32m[42m▓▓▓▓▓▓▓▓▓▓▓▓▓▓▓[49m[39m[47m[37m░[39m[49m[1m 94.7% [22m[2m(2543/2613)[22m
[135D[1A[0J[1miOS[22m [0m[2mnode_modules/expo-router/[22m[0m[1mentry.js[22m [32m[42m▓▓▓▓▓▓▓▓▓▓▓▓▓▓▓[49m[39m[47m[37m░[39m[49m[1m 94.7% [22m[2m(2561/2642)[22m
[135D[1A[0J[1miOS[22m [0m[2mnode_modules/expo-router/[22m[0m[1mentry.js[22m [32m[42m▓▓▓▓▓▓▓▓▓▓▓▓▓▓▓[49m[39m[47m[37m░[39m[49m[1m 94.7% [22m[2m(2586/2677)[22m
[135D[1A[0J[1miOS[22m [0m[2mnode_modules/expo-router/[22m[0m[1mentry.js[22m [32m[42m▓▓▓▓▓▓▓▓▓▓▓▓▓▓▓[49m[39m[47m[37m░[39m[49m[1m 94.7% [22m[2m(2606/2701)[22m
[135D[1A[0J[1miOS[22m [0m[2mnode_modules/expo-router/[22m[0m[1mentry.js[22m [32m[42m▓▓▓▓▓▓▓▓▓▓▓▓▓▓▓[49m[39m[47m[37m░[39m[49m[1m 94.7% [22m[2m(2630/2713)[22m
[135D[1A[0J[1miOS[22m [0m[2mnode_modules/expo-router/[22m[0m[1mentry.js[22m [32m[42m▓▓▓▓▓▓▓▓▓▓▓▓▓▓▓[49m[39m[47m[37m░[39m[49m[1m 95.1% [22m[2m(2646/2714)[22m
[135D[1A[0J[1miOS[22m [0m[2mnode_modules/expo-router/[22m[0m[1mentry.js[22m [32m[42m▓▓▓▓▓▓▓▓▓▓▓▓▓▓▓[49m[39m[47m[37m░[39m[49m[1m 95.9% [22m[2m(2661/2717)[22m
[135D[1A[0J[1miOS[22m [0m[2mnode_modules/expo-router/[22m[0m[1mentry.js[22m [32m[42m▓▓▓▓▓▓▓▓▓▓▓▓▓▓▓[49m[39m[47m[37m░[39m[49m[1m 96.0% [22m[2m(2683/2739)[22m
[135D[1A[0J[1miOS[22m [0m[2mnode_modules/expo-router/[22m[0m[1mentry.js[22m [32m[42m▓▓▓▓▓▓▓▓▓▓▓▓▓▓▓[49m[39m[47m[37m░[39m[49m[1m 97.1% [22m[2m(2709/2749)[22m
[135D[1A[0J[1miOS[22m [0m[2mnode_modules/expo-router/[22m[0m[1mentry.js[22m [32m[42m▓▓▓▓▓▓▓▓▓▓▓▓▓▓▓[49m[39m[47m[37m░[39m[49m[1m 98.0% [22m[2m(2724/2751)[22m
[135D[1A[0J[1miOS[22m [0m[2mnode_modules/expo-router/[22m[0m[1mentry.js[22m [32m[42m▓▓▓▓▓▓▓▓▓▓▓▓▓▓▓[49m[39m[47m[37m░[39m[49m[1m 98.6% [22m[2m(2732/2752)[22m
[135D[1A[0J[1miOS[22m [0m[2mnode_modules/expo-router/[22m[0m[1mentry.js[22m [32m[42m▓▓▓▓▓▓▓▓▓▓▓▓▓▓▓[49m[39m[47m[37m░[39m[49m[1m 99.2% [22m[2m(2744/2755)[22m
[135D[1A[0J[1miOS[22m [0m[2mnode_modules/expo-router/[22m[0m[1mentry.js[22m [32m[42m▓▓▓▓▓▓▓▓▓▓▓▓▓▓▓[49m[39m[47m[37m░[39m[49m[1m 99.9% [22m[2m(2763/2763)[22m
[135D[1A[0J[32m[1miOS[22m Bundled [39m[2m24875ms[22m[0m[2m node_modules/expo-router/entry.js (2763 modules)[22m[0m
[1miOS[22m [0m[2mnode_modules/expo-router/[22m[0m[1mentry.js[22m [32m[42m▓▓▓▓▓▓▓▓▓▓▓▓▓▓▓[49m[39m[47m[37m░[39m[49m[1m 99.9% [22m[2m(2763/2763)[22m
[135D[1A[0J[7m[33m[1m WARN [22m[39m[27m SafeAreaView has been deprecated and will be removed in a future release. Please use 'react-native-safe-area-context' instead. See https://github.com/th3rdwave/react-native-safe-area-context
[7m[33m[1m WARN [22m[39m[27m An error occurred! For more details, see the full error text at https://go.apollo.dev/c/err#%7B%22version%22%3A%224.0.11%22%2C%22message%22%3A109%2C%22args%22%3A%5B%22Page%22%2C%22Query%22%2C%22either%20ensure%20all%20objects%20of%20type%20Page%20have%20an%20ID%20or%20a%20custom%20merge%20function%2C%20or%20%22%2C%22Query.Page%22%2C%22%7B%5Cn%20%20%5C%22__typename%5C%22%3A%20%5C%22Page%5C%22%2C%5Cn%20%20%5C%22pageInfo%5C%22%3A%20%7B%5Cn%20%20%20%20%5C%22__typename%5C%22%3A%20%5C%22PageInfo%5C%22%2C%5Cn%20%20%20%20%5C%22hasNextPage%5C%22%3A%20true%2C%5Cn%20%20%20%20%5C%22total%5C%22%3A%205000%2C%5Cn%20%20%20%20%5C%22lastPage%5C%22%3A%20250%5Cn%20%20%7D%2C%5Cn%20%20%5C%22media(%7B%5C%5C%5C%22isAdult%5C%5C%5C%22%3Afalse%2C%5C%5C%5C%22sort%5C%5C%5C%22%3A%5C%5C%5C%22POPULARITY_DESC%5C%5C%5C%22%2C%5C%5C%5C%22type%5C%5C%5C%22%3A%5C%5C%5C%22ANIME%5C%5C%5C%22%7D)%5C%22%3A%20%5B%5Cn%20%20%20%20%7B%5Cn%20%20%20%20%20%20%5C%22__ref%5C%22%3A%20%5C%22Media%3A16498%5C%22%5Cn%20%20%20%20%7D%2C%5Cn%20%20%20%20%7B%5Cn%20%20%20%20%20%20%5C%22__ref%5C%22%3A%20%5C%22Media%3A101922%5C%22%5Cn%20%20%20%20%7D%2C%5Cn%20%20%20%20%7B%5Cn%20%20%20%20%20%20%5C%22__ref%5C%22%3A%20%5C%22Media%3A1535%5C%22%5Cn%20%20%20%20%7D%2C%5Cn%20%20%20%20%7B%5Cn%20%20%20%20%20%20%5C%22__ref%5C%22%3A%20%5C%22Media%3A113415%5C%22%5Cn%20%20%20%20%7D%2C%5Cn%20%20%20%20%7B%5Cn%20%20%20%20%20%20%5C%22__ref%5C%22%3A%20%5C%22Media%3A21459%5C%22%5Cn%20%20%20%20%7D%2C%5Cn%20%20%20%20%7B%5Cn%20%20%20%20%20%20%5C%22__ref%5C%22%3A%20%5C%22Media%3A11061%5C%22%5Cn%20%20%20%20%7D%2C%5Cn%20%20%20%20%7B%5Cn%20%20%20%20%20%20%5C%22__ref%5C%22%3A%20%5C%22Media%3A21087%5C%22%5Cn%20%20%20%20%7D%2C%5Cn%20%20%20%20%7B%5Cn%20%20%20%20%20%20%5C%22__ref%5C%22%3A%20%5C%22Media%3A20605%5C%22%5Cn%20%20%20%20%7D%2C%5Cn%20%20%20%20%7B%5Cn%20%20%20%20%20%20%5C%22__ref%5C%22%3A%20%5C%22Media%3A20958%5C%22%5Cn%20%20%20%20%7D%2C%5Cn%20%20%20%20%7B%5Cn%20%20%20%20%20%20%5C%22__ref%5C%22%3A%20%5C%22Media%3A21%5C%22%5Cn%20%20%20%20%7D%2C%5Cn%20%20%20%20%7B%5Cn%20%20%20%20%20%20%5C%22__ref%5C%22%3A%20%5C%22Media%3A5114%5C%22%5Cn%20%20%20%20%7D%2C%5Cn%20%20%20%20%7B%5Cn%20%20%20%20%20%20%5C%22__ref%5C%22%3A%20%5C%22Media%3A20%5C%22%5Cn%20%20%20%20%7D%2C%5Cn%20%20%20%20%7B%5Cn%20%20%20%20%20%20%5C%22__ref%5C%22%3A%20%5C%22Media%3A11757%5C%22%5Cn%20%20%20%20%7D%2C%5Cn%20%20%20%20%7B%5Cn%20%20%20%20%20%20%5C%22__ref%5C%22%3A%20%5C%22Media%3A21519%5C%22%5Cn%20%20%20%20%7D%2C%5Cn%20%20%20%20%7B%5Cn%20%20%20%20%20%20%5C%22__ref%5C%22%3A%20%5C%22Media%3A20954%5C%22%5Cn%20%20%20%20%7D%2C%5Cn%20%20%20%20%7B%5Cn%20%20%20%20%20%20%5C%22__ref%5C%22%3A%20%5C%22Media%3A99147%5C%22%5Cn%20%20%20%20%7D%2C%5Cn%20%20%20%20%7B%5Cn%20%20%20%20%20%20%5C%22__ref%5C%22%3A%20%5C%22Media%3A21856%5C%22%5Cn%20%20%20%20%7D%2C%5Cn%20%20%20%20%7B%5Cn%20%20%20%20%20%20%5C%22__ref%5C%22%3A%20%5C%22Media%3A101759%5C%22%5Cn%20%20%20%20%7D%2C%5Cn%20%20%20%20%7B%5Cn%20%20%20%20%20%20%5C%22__ref%5C%22%3A%20%5C%22Medi%22%2C%22%7B%5Cn%20%20%5C%22__typename%5C%22%3A%20%5C%22Page%5C%22%2C%5Cn%20%20%5C%22pageInfo%5C%22%3A%20%7B%5Cn%20%20%20%20%5C%22__typename%5C%22%3A%20%5C%22PageInfo%5C%22%2C%5Cn%20%20%20%20%5C%22hasNextPage%5C%22%3A%20true%2C%5Cn%20%20%20%20%5C%22total%5C%22%3A%205000%2C%5Cn%20%20%20%20%5C%22lastPage%5C%22%3A%20250%5Cn%20%20%7D%2C%5Cn%20%20%5C%22media(%7B%5C%5C%5C%22isAdult%5C%5C%5C%22%3Afalse%2C%5C%5C%5C%22season%5C%5C%5C%22%3A%5C%5C%5C%22WINTER%5C%5C%5C%22%2C%5C%5C%5C%22seasonYear%5C%5C%5C%22%3A2026%2C%5C%5C%5C%22sort%5C%5C%5C%22%3A%5C%5C%5C%22POPULARITY_DESC%5C%5C%5C%22%2C%5C%5C%5C%22type%5C%5C%5C%22%3A%5C%5C%5C%22ANIME%5C%5C%5C%22%7D)%5C%22%3A%20%5B%5Cn%20%20%20%20%7B%5Cn%20%20%20%20%20%20%5C%22__ref%5C%22%3A%20%5C%22Media%3A172463%5C%22%5Cn%20%20%20%20%7D%2C%5Cn%20%20%20%20%7B%5Cn%20%20%20%20%20%20%5C%22__ref%5C%22%3A%20%5C%22Media%3A182255%5C%22%5Cn%20%20%20%20%7D%2C%5Cn%20%20%20%20%7B%5Cn%20%20%20%20%20%20%5C%22__ref%5C%22%3A%20%5C%22Media%3A166613%5C%22%5Cn%20%20%20%20%7D%2C%5Cn%20%20%20%20%7B%5Cn%20%20%20%20%20%20%5C%22__ref%5C%22%3A%20%5C%22Media%3A167152%5C%22%5Cn%20%20%20%20%7D%2C%5Cn%20%20%20%20%7B%5Cn%20%20%20%20%20%20%5C%22__ref%5C%22%3A%20%5C%22Media%3A182587%5C%22%5Cn%20%20%20%20%7D%2C%5Cn%20%20%20%20%7B%5Cn%20%20%20%20%20%20%5C%22__ref%5C%22%3A%20%5C%22Media%3A179062%5C%22%5Cn%20%20%20%20%7D%2C%5Cn%20%20%20%20%7B%5Cn%20%20%20%20%20%20%5C%22__ref%5C%22%3A%20%5C%22Media%3A166617%5C%22%5Cn%20%20%20%20%7D%2C%5Cn%20%20%20%20%7B%5Cn%20%20%20%20%20%20%5C%22__ref%5C%22%3A%20%5C%22Media%3A133007%5C%22%5Cn%20%20%20%20%7D%2C%5Cn%20%20%20%20%7B%5Cn%20%20%20%20%20%20%5C%22__ref%5C%22%3A%20%5C%22Media%3A190327%5C%22%5Cn%20%20%20%20%7D%2C%5Cn%20%20%20%20%7B%5Cn%20%20%20%20%20%20%5C%22__ref%5C%22%3A%20%5C%22Media%3A182206%5C%22%5Cn%20%20%20%20%7D%2C%5Cn%20%20%20%20%7B%5Cn%20%20%20%20%20%20%5C%22__ref%5C%22%3A%20%5C%22Media%3A176276%5C%22%5Cn%20%20%20%20%7D%2C%5Cn%20%20%20%20%7B%5Cn%20%20%20%20%20%20%5C%22__ref%5C%22%3A%20%5C%22Media%3A195322%5C%22%5Cn%20%20%20%20%7D%2C%5Cn%20%20%20%20%7B%5Cn%20%20%20%20%20%20%5C%22__ref%5C%22%3A%20%5C%22Media%3A187264%5C%22%5Cn%20%20%20%20%7D%2C%5Cn%20%20%20%20%7B%5Cn%20%20%20%20%20%20%5C%22__ref%5C%22%3A%20%5C%22Media%3A163144%5C%22%5Cn%20%20%20%20%7D%2C%5Cn%20%20%20%20%7B%5Cn%20%20%20%20%20%20%5C%22__ref%5C%22%3A%20%5C%22Media%3A182317%5C%22%5Cn%20%20%20%20%7D%2C%5Cn%20%20%20%20%7B%5Cn%20%20%20%20%20%20%5C%22__ref%5C%22%3A%20%5C%22Media%3A180746%5C%22%5Cn%20%20%20%20%7D%2C%5Cn%20%20%20%20%7B%5Cn%20%20%20%20%20%20%5C%22__ref%5C%22%3A%20%5C%22Media%3A184951%5C%22%5Cn%20%20%20%20%7D%2C%5Cn%20%20%20%20%22%5D%7D
[?25l[37m⠋[39m Stopping server[2K[1G[37m⠙[39m Stopping server[2K[1G[37m⠹[39m Stopping server[2K[1G[37m⠸[39m Stopping server[2K[1G[37m⠼[39m Stopping server[2K[1G[37m⠴[39m Stopping server[2K[1G[37m⠦[39m Stopping server[2K[1G[37m⠧[39m Stopping server[2K[1G[37m⠇[39m Stopping server[2K[1G[?25h› Stopped server
[?25h[1G[0K⠙[1G[0K
Command exit status: 0
Script done on Sat Jan 10 19:02:21 2026
